0 info it worked if it ends with ok
1 verbose cli [ '/usr/local/bin/node',
1 verbose cli   '/usr/local/bin/npm',
1 verbose cli   'publish',
1 verbose cli   '--tag',
1 verbose cli   'alpha' ]
2 info using npm@3.9.3
3 info using node@v6.2.1
4 verbose publish [ '.' ]
5 silly cache add args [ '.', null ]
6 verbose cache add spec .
7 silly cache add parsed spec Result {
7 silly cache add   raw: '.',
7 silly cache add   scope: null,
7 silly cache add   name: null,
7 silly cache add   rawSpec: '.',
7 silly cache add   spec: '/Users/SanCoder/Dev/js/flat-combine-reducers',
7 silly cache add   type: 'directory' }
8 verbose addLocalDirectory /Users/SanCoder/.npm/flat-combine-reducers/0.0.0-development/package.tgz not in flight; packing
9 verbose correctMkdir /Users/SanCoder/.npm correctMkdir not in flight; initializing
10 info lifecycle flat-combine-reducers@0.0.0-development~prepublish: flat-combine-reducers@0.0.0-development
11 silly lifecycle flat-combine-reducers@0.0.0-development~prepublish: no script for prepublish, continuing
12 verbose tar pack [ '/Users/SanCoder/.npm/flat-combine-reducers/0.0.0-development/package.tgz',
12 verbose tar pack   '/Users/SanCoder/Dev/js/flat-combine-reducers' ]
13 verbose tarball /Users/SanCoder/.npm/flat-combine-reducers/0.0.0-development/package.tgz
14 verbose folder /Users/SanCoder/Dev/js/flat-combine-reducers
15 verbose addLocalTarball adding from inside cache /Users/SanCoder/.npm/flat-combine-reducers/0.0.0-development/package.tgz
16 verbose correctMkdir /Users/SanCoder/.npm correctMkdir not in flight; initializing
17 silly cache afterAdd flat-combine-reducers@0.0.0-development
18 verbose afterAdd /Users/SanCoder/.npm/flat-combine-reducers/0.0.0-development/package/package.json not in flight; writing
19 verbose correctMkdir /Users/SanCoder/.npm correctMkdir not in flight; initializing
20 verbose afterAdd /Users/SanCoder/.npm/flat-combine-reducers/0.0.0-development/package/package.json written
21 silly publish { name: 'flat-combine-reducers',
21 silly publish   version: '0.0.0-development',
21 silly publish   description: 'Turns multiple reducers into a single reducer with support of declare the initial states as default parameters',
21 silly publish   main: 'dist/index.js',
21 silly publish   keywords:
21 silly publish    [ 'reduce',
21 silly publish      'reducer',
21 silly publish      'reducers',
21 silly publish      'redux',
21 silly publish      'initial state',
21 silly publish      'default parameters' ],
21 silly publish   author:
21 silly publish    { name: 'Jianming Qu',
21 silly publish      email: 'sancoder.q@gmail.com',
21 silly publish      url: 'https://jmqu.tech' },
21 silly publish   bugs: { url: 'https://github.com/SanCoder-Q/flat-combine-reducers/issues' },
21 silly publish   homepage: 'https://github.com/SanCoder-Q/flat-combine-reducers',
21 silly publish   repository:
21 silly publish    { type: 'git',
21 silly publish      url: 'https://github.com/SanCoder-Q/flat-combine-reducers.git' },
21 silly publish   license: 'MIT',
21 silly publish   devDependencies:
21 silly publish    { 'babel-eslint': '^7.1.1',
21 silly publish      'babel-preset-es2015': '^6.22.0',
21 silly publish      'babel-preset-stage-0': '^6.22.0',
21 silly publish      chai: '^3.5.0',
21 silly publish      child_process: '^1.0.2',
21 silly publish      eslint: '^0.24.1',
21 silly publish      gulp: '^3.9.1',
21 silly publish      'gulp-babel': '^6.1.2',
21 silly publish      'gulp-eslint': '^3.0.1',
21 silly publish      'gulp-mocha': '^3.0.1',
21 silly publish      mocha: '^3.1.2' },
21 silly publish   readme: '# flat-combine-reducers\n---\n\n[![build status](https://travis-ci.org/SanCoder-Q/flat-combine-reducers.svg?branch=master)](https://travis-ci.org/SanCoder-Q/flat-combine-reducers)\n\nTurns multiple reducer functions, into a single reducer function, with support of declaring the initial states as default parameters.\n\nIt will call all the child reducers, and gather their results into a single state object by [`assign`](https://developer.mozilla.org/en/docs/Web/JavaScript/Reference/Global_Objects/Object/assign) the result objects together from left to right.\nThe reason of the name is it flaten the `state` of using the [`combineReducers`](https://github.com/reactjs/redux/blob/master/docs/api/combineReducers.md) in *redux*.\n\n```\nnpm install --save flat-combine-reducers\n```\n\n## Examples\n\n### Return identity reducer if parameter is empty\n```js\nconst reducer = flatCombineReducers();\n\nexpect(reducer({ A: 1, B: 2 }, "indifferentAction")).to.deep.equal({ A: 1, B: 2 });\nexpect(reducer({ A: 1, B: 2 })).to.deep.equal({ A: 1, B: 2 });\nexpect(reducer()).to.deep.equal({});\n```\n\n### Combines multiple reducers into one\n```js\nconst reducer = flatCombineReducers(\n  (prevState, action) => ({A: prevState.A + action.value}),\n  (prevState, action) => ({B: prevState.B * action.value}),\n);\n\nexpect(reducer({ A: 1, B: 2 }, { value: 3 })).to.deep.equal({ A: 4, B: 6 });\n```\n\n### Supports separated initial state values as default parameters\n```js\nconst reducer = flatCombineReducers(\n  (prevState = { A: 1 }, action) => ({A: prevState.A + action.value}),\n  (prevState = { B: 2 }, action) => ({B: prevState.B * action.value}),\n);\n\nexpect(reducer(undefined, { value: 3 })).to.deep.equal({ A: 4, B: 6 });\n```\n\n### Assigns the states from right to left\n```js\nconst reducer = flatCombineReducers(\n  (prevState = { A: 1 }, action) => ({...prevState, A: prevState.A + action.value}),\n  (prevState = { A: 2 }, action) => ({...prevState, A: prevState.A * action.value}),\n);\n\nexpect(reducer(undefined, { value: 3 })).to.deep.equal({ A: 6 });\n```\n',
21 silly publish   readmeFilename: 'README.md',
21 silly publish   gitHead: 'fdf567d1a5c83cf4088e37723c1edb6074e52c1e',
21 silly publish   _id: 'flat-combine-reducers@0.0.0-development',
21 silly publish   scripts: {},
21 silly publish   _shasum: '4de16c3a176024de861cc094bdd85f0094da3809',
21 silly publish   _from: '.' }
22 verbose getPublishConfig undefined
23 silly mapToRegistry name flat-combine-reducers
24 silly mapToRegistry using default registry
25 silly mapToRegistry registry https://registry.npmjs.org/
26 silly mapToRegistry data Result {
26 silly mapToRegistry   raw: 'flat-combine-reducers',
26 silly mapToRegistry   scope: null,
26 silly mapToRegistry   name: 'flat-combine-reducers',
26 silly mapToRegistry   rawSpec: '',
26 silly mapToRegistry   spec: 'latest',
26 silly mapToRegistry   type: 'tag' }
27 silly mapToRegistry uri https://registry.npmjs.org/flat-combine-reducers
28 verbose publish registryBase https://registry.npmjs.org/
29 silly publish uploading /Users/SanCoder/.npm/flat-combine-reducers/0.0.0-development/package.tgz
30 verbose request uri https://registry.npmjs.org/flat-combine-reducers
31 verbose request sending authorization for write operation
32 info attempt registry request try #1 at 10:25:31 PM
33 verbose request using bearer token for auth
34 verbose request id fcaa7e336e23c33c
35 http request PUT https://registry.npmjs.org/flat-combine-reducers
36 http 403 https://registry.npmjs.org/flat-combine-reducers
37 verbose headers { 'content-type': 'application/json',
37 verbose headers   'cache-control': 'max-age=300',
37 verbose headers   'content-length': '107',
37 verbose headers   'accept-ranges': 'bytes',
37 verbose headers   date: 'Wed, 08 Feb 2017 14:25:30 GMT',
37 verbose headers   via: '1.1 varnish',
37 verbose headers   connection: 'keep-alive',
37 verbose headers   'x-served-by': 'cache-lax8640-LAX',
37 verbose headers   'x-cache': 'MISS',
37 verbose headers   'x-cache-hits': '0',
37 verbose headers   'x-timer': 'S1486563930.662897,VS0,VE230',
37 verbose headers   vary: 'Accept-Encoding' }
38 verbose request invalidating /Users/SanCoder/.npm/registry.npmjs.org/flat-combine-reducers on PUT
39 error publish Failed PUT 403
40 verbose stack Error: "You cannot publish over the previously published version 0.0.0-development." : flat-combine-reducers
40 verbose stack     at makeError (/usr/local/lib/node_modules/npm/node_modules/npm-registry-client/lib/request.js:264:12)
40 verbose stack     at CachingRegistryClient.<anonymous> (/usr/local/lib/node_modules/npm/node_modules/npm-registry-client/lib/request.js:252:14)
40 verbose stack     at Request._callback (/usr/local/lib/node_modules/npm/node_modules/npm-registry-client/lib/request.js:172:14)
40 verbose stack     at Request.self.callback (/usr/local/lib/node_modules/npm/node_modules/request/request.js:200:22)
40 verbose stack     at emitTwo (events.js:106:13)
40 verbose stack     at Request.emit (events.js:191:7)
40 verbose stack     at Request.<anonymous> (/usr/local/lib/node_modules/npm/node_modules/request/request.js:1067:10)
40 verbose stack     at emitOne (events.js:101:20)
40 verbose stack     at Request.emit (events.js:188:7)
40 verbose stack     at IncomingMessage.<anonymous> (/usr/local/lib/node_modules/npm/node_modules/request/request.js:988:12)
41 verbose statusCode 403
42 verbose pkgid flat-combine-reducers
43 verbose cwd /Users/SanCoder/Dev/js/flat-combine-reducers
44 error Darwin 15.6.0
45 error argv "/usr/local/bin/node" "/usr/local/bin/npm" "publish" "--tag" "alpha"
46 error node v6.2.1
47 error npm  v3.9.3
48 error code E403
49 error "You cannot publish over the previously published version 0.0.0-development." : flat-combine-reducers
50 error If you need help, you may report this error at:
50 error     <https://github.com/npm/npm/issues>
51 verbose exit [ 1, true ]
